# JRE version: OpenJDK Runtime Environment (22.0.1+8) (build 22.0.1+8-16)
# Java VM: OpenJDK 64-Bit Server VM (22.0.1+8-16, mixed mode, sharing, tiered, compressed oops, compressed class ptrs, g1 gc, windows-amd64)
GC Precious Log:
 CardTable entry size: 512
 Card Set container configuration: InlinePtr #cards 5 size 8 Array Of Cards #cards 12 size 40 Howl #buckets 4 coarsen threshold 1843 Howl Bitmap #cards 512 size 80 coarsen threshold 460 Card regions per heap region 1 cards per card region 2048
 CPUs: 4 total, 4 available
 Memory: 8089M
 Large Page Support: Disabled
 NUMA Support: Disabled
 Compressed Oops: Enabled (32-bit)
 Heap Region Size: 1M
 Heap Min Capacity: 8M
 Heap Initial Capacity: 128M
 Heap Max Capacity: 2024M
 Pre-touch: Disabled
 Parallel Workers: 4
 Concurrent Workers: 1
 Concurrent Refinement Workers: 4
 Periodic GC: Disabled
Heap:
 garbage-first heap   total reserved 2072576K, committed 516096K, used 278022K [0x0000000081800000, 0x0000000100000000)
  region size 1024K, 44 young (45056K), 20 survivors (20480K)
 Metaspace       used 89356K, committed 90240K, reserved 1179648K
  class space    used 11041K, committed 11456K, reserved 1048576K
GC Heap History (20 events):
Event: 76.618 GC heap before
{Heap before GC invocations=24 (full 3):
 garbage-first heap   total reserved 2072576K, committed 105472K, used 47738K [0x0000000081800000, 0x0000000100000000)
  region size 1024K, 1 young (1024K), 0 survivors (0K)
 Metaspace       used 85340K, committed 86208K, reserved 1179648K
  class space    used 10684K, committed 11072K, reserved 1048576K
}
Event: 76.734 GC heap after
{Heap after GC invocations=25 (full 4):
 garbage-first heap   total reserved 2072576K, committed 105472K, used 47745K [0x0000000081800000, 0x0000000100000000)
  region size 1024K, 0 young (0K), 0 survivors (0K)
 Metaspace       used 85340K, committed 86208K, reserved 1179648K
  class space    used 10684K, committed 11072K, reserved 1048576K
}
Event: 78.705 GC heap before
{Heap before GC invocations=25 (full 4):
 garbage-first heap   total reserved 2072576K, committed 105472K, used 96897K [0x0000000081800000, 0x0000000100000000)
  region size 1024K, 48 young (49152K), 0 survivors (0K)
 Metaspace       used 87212K, committed 88128K, reserved 1179648K
  class space    used 10845K, committed 11264K, reserved 1048576K
}
Event: 78.744 GC heap after
{Heap after GC invocations=26 (full 4):
 garbage-first heap   total reserved 2072576K, committed 350208K, used 66177K [0x0000000081800000, 0x0000000100000000)
  region size 1024K, 6 young (6144K), 6 survivors (6144K)
 Metaspace       used 87212K, committed 88128K, reserved 1179648K
  class space    used 10845K, committed 11264K, reserved 1048576K
}
Event: 81.642 GC heap before
{Heap before GC invocations=27 (full 4):
 garbage-first heap   total reserved 2072576K, committed 225280K, used 198273K [0x0000000081800000, 0x0000000100000000)
  region size 1024K, 132 young (135168K), 6 survivors (6144K)
 Metaspace       used 87230K, committed 88128K, reserved 1179648K
  class space    used 10845K, committed 11264K, reserved 1048576K
}
Event: 81.765 GC heap after
{Heap after GC invocations=28 (full 4):
 garbage-first heap   total reserved 2072576K, committed 256000K, used 119425K [0x0000000081800000, 0x0000000100000000)
  region size 1024K, 17 young (17408K), 17 survivors (17408K)
 Metaspace       used 87230K, committed 88128K, reserved 1179648K
  class space    used 10845K, committed 11264K, reserved 1048576K
}
Event: 82.829 GC heap before
{Heap before GC invocations=28 (full 4):
 garbage-first heap   total reserved 2072576K, committed 256000K, used 189057K [0x0000000081800000, 0x0000000100000000)
  region size 1024K, 85 young (87040K), 17 survivors (17408K)
 Metaspace       used 87234K, committed 88128K, reserved 1179648K
  class space    used 10845K, committed 11264K, reserved 1048576K
}
Event: 82.897 GC heap after
{Heap after GC invocations=29 (full 4):
 garbage-first heap   total reserved 2072576K, committed 256000K, used 137222K [0x0000000081800000, 0x0000000100000000)
  region size 1024K, 11 young (11264K), 11 survivors (11264K)
 Metaspace       used 87234K, committed 88128K, reserved 1179648K
  class space    used 10845K, committed 11264K, reserved 1048576K
}
Event: 83.512 GC heap before
{Heap before GC invocations=29 (full 4):
 garbage-first heap   total reserved 2072576K, committed 256000K, used 198662K [0x0000000081800000, 0x0000000100000000)
  region size 1024K, 71 young (72704K), 11 survivors (11264K)
 Metaspace       used 87237K, committed 88128K, reserved 1179648K
  class space    used 10845K, committed 11264K, reserved 1048576K
}
Event: 83.560 GC heap after
{Heap after GC invocations=30 (full 4):
 garbage-first heap   total reserved 2072576K, committed 256000K, used 154630K [0x0000000081800000, 0x0000000100000000)
  region size 1024K, 9 young (9216K), 9 survivors (9216K)
 Metaspace       used 87237K, committed 88128K, reserved 1179648K
  class space    used 10845K, committed 11264K, reserved 1048576K
}
Event: 84.282 GC heap before
{Heap before GC invocations=31 (full 4):
 garbage-first heap   total reserved 2072576K, committed 258048K, used 204806K [0x0000000081800000, 0x0000000100000000)
  region size 1024K, 59 young (60416K), 9 survivors (9216K)
 Metaspace       used 87241K, committed 88128K, reserved 1179648K
  class space    used 10845K, committed 11264K, reserved 1048576K
}
Event: 84.333 GC heap after
{Heap after GC invocations=32 (full 4):
 garbage-first heap   total reserved 2072576K, committed 258048K, used 166406K [0x0000000081800000, 0x0000000100000000)
  region size 1024K, 8 young (8192K), 8 survivors (8192K)
 Metaspace       used 87241K, committed 88128K, reserved 1179648K
  class space    used 10845K, committed 11264K, reserved 1048576K
}
Event: 84.683 GC heap before
{Heap before GC invocations=32 (full 4):
 garbage-first heap   total reserved 2072576K, committed 258048K, used 212486K [0x0000000081800000, 0x0000000100000000)
  region size 1024K, 53 young (54272K), 8 survivors (8192K)
 Metaspace       used 87241K, committed 88128K, reserved 1179648K
  class space    used 10845K, committed 11264K, reserved 1048576K
}
Event: 84.722 GC heap after
{Heap after GC invocations=33 (full 4):
 garbage-first heap   total reserved 2072576K, committed 258048K, used 155142K [0x0000000081800000, 0x0000000100000000)
  region size 1024K, 7 young (7168K), 7 survivors (7168K)
 Metaspace       used 87241K, committed 88128K, reserved 1179648K
  class space    used 10845K, committed 11264K, reserved 1048576K
}
Event: 85.087 GC heap before
{Heap before GC invocations=33 (full 4):
 garbage-first heap   total reserved 2072576K, committed 258048K, used 207366K [0x0000000081800000, 0x0000000100000000)
  region size 1024K, 58 young (59392K), 7 survivors (7168K)
 Metaspace       used 87241K, committed 88128K, reserved 1179648K
  class space    used 10845K, committed 11264K, reserved 1048576K
}
Event: 85.129 GC heap after
{Heap after GC invocations=34 (full 4):
 garbage-first heap   total reserved 2072576K, committed 516096K, used 147462K [0x0000000081800000, 0x0000000100000000)
  region size 1024K, 8 young (8192K), 8 survivors (8192K)
 Metaspace       used 87241K, committed 88128K, reserved 1179648K
  class space    used 10845K, committed 11264K, reserved 1048576K
}
Event: 88.074 GC heap before
{Heap before GC invocations=34 (full 4):
 garbage-first heap   total reserved 2072576K, committed 516096K, used 337926K [0x0000000081800000, 0x0000000100000000)
  region size 1024K, 191 young (195584K), 8 survivors (8192K)
 Metaspace       used 88038K, committed 88896K, reserved 1179648K
  class space    used 10912K, committed 11328K, reserved 1048576K
}
Event: 88.227 GC heap after
{Heap after GC invocations=35 (full 4):
 garbage-first heap   total reserved 2072576K, committed 516096K, used 228358K [0x0000000081800000, 0x0000000100000000)
  region size 1024K, 24 young (24576K), 24 survivors (24576K)
 Metaspace       used 88038K, committed 88896K, reserved 1179648K
  class space    used 10912K, committed 11328K, reserved 1048576K
}
Event: 91.022 GC heap before
{Heap before GC invocations=35 (full 4):
 garbage-first heap   total reserved 2072576K, committed 516096K, used 367622K [0x0000000081800000, 0x0000000100000000)
  region size 1024K, 160 young (163840K), 24 survivors (24576K)
 Metaspace       used 88229K, committed 89088K, reserved 1179648K
  class space    used 10912K, committed 11328K, reserved 1048576K
}
Event: 91.157 GC heap after
{Heap after GC invocations=36 (full 4):
 garbage-first heap   total reserved 2072576K, committed 516096K, used 254470K [0x0000000081800000, 0x0000000100000000)
  region size 1024K, 20 young (20480K), 20 survivors (20480K)
 Metaspace       used 88229K, committed 89088K, reserved 1179648K
  class space    used 10912K, committed 11328K, reserved 1048576K
}

